2023-12-05 21:10:48,970 - INFO - Получены данные: N=7, k=3
2023-12-05 21:10:48,971 - INFO - Сгенерировано загаданное число: 1
2023-12-05 21:10:52,838 - INFO - Пользователь ввел число: 6
2023-12-05 21:10:52,838 - INFO - Загаданное число меньше введенного пользователем числа
2023-12-05 21:10:55,089 - INFO - Пользователь ввел число: 4
2023-12-05 21:10:55,089 - INFO - Загаданное число меньше введенного пользователем числа
2023-12-05 21:10:57,207 - INFO - Пользователь ввел число: 3
2023-12-05 21:10:57,208 - INFO - Загаданное число меньше введенного пользователем числа
2023-12-05 21:10:57,208 - INFO - Попытки закончились. Загаданное число: 1
2023-12-05 21:11:28,980 - INFO - Получены данные: N=10, k=5
2023-12-05 21:11:28,980 - INFO - Сгенерировано загаданное число: 10
2023-12-05 21:11:31,711 - INFO - Пользователь ввел число: 6
2023-12-05 21:11:31,711 - INFO - Загаданное число больше введенного пользователем числа
2023-12-05 21:11:34,506 - INFO - Пользователь ввел число: 8
2023-12-05 21:11:34,506 - INFO - Загаданное число больше введенного пользователем числа
2023-12-05 21:11:36,447 - INFO - Пользователь ввел число: 9
2023-12-05 21:11:36,447 - INFO - Загаданное число больше введенного пользователем числа
2023-12-05 21:11:40,173 - INFO - Пользователь ввел число: 10
2023-12-05 21:11:40,173 - INFO - Пользователь угадал число
2023-12-05 21:12:19,707 - ERROR - Ошибка ввода: введены нецелые числа
